<!DOCTYPE suite SYSTEM "https://testng.org/testng-1.0.dtd" >

<suite name="VK tests" verbose="1" >
    <test name="Likes tests">
        <classes>
            <class name="GroupLikesTests"/>
        </classes>
    </test>
</suite>
